0 info it worked if it ends with ok
1 verbose cli [ '/usr/local/bin/node',
1 verbose cli   '/usr/local/bin/npm',
1 verbose cli   'run',
1 verbose cli   'bonus_test' ]
2 info using npm@2.15.9
3 info using node@v4.5.0
4 verbose run-script [ 'prebonus_test', 'bonus_test', 'postbonus_test' ]
5 info prebonus_test sortedset@0.1.0
6 info bonus_test sortedset@0.1.0
7 verbose unsafe-perm in lifecycle true
8 info sortedset@0.1.0 Failed to exec bonus_test script
9 verbose stack Error: sortedset@0.1.0 bonus_test: `gulp bonus_test`
9 verbose stack Exit status 1
9 verbose stack     at EventEmitter.<anonymous> (/usr/local/lib/node_modules/npm/lib/utils/lifecycle.js:217:16)
9 verbose stack     at emitTwo (events.js:87:13)
9 verbose stack     at EventEmitter.emit (events.js:172:7)
9 verbose stack     at ChildProcess.<anonymous> (/usr/local/lib/node_modules/npm/lib/utils/spawn.js:24:14)
9 verbose stack     at emitTwo (events.js:87:13)
9 verbose stack     at ChildProcess.emit (events.js:172:7)
9 verbose stack     at maybeClose (internal/child_process.js:829:16)
9 verbose stack     at Process.ChildProcess._handle.onexit (internal/child_process.js:211:5)
10 verbose pkgid sortedset@0.1.0
11 verbose cwd /Users/hannahhagen/Documents/Git/Verdigris-sorted-set
12 error Darwin 15.6.0
13 error argv "/usr/local/bin/node" "/usr/local/bin/npm" "run" "bonus_test"
14 error node v4.5.0
15 error npm  v2.15.9
16 error code ELIFECYCLE
17 error sortedset@0.1.0 bonus_test: `gulp bonus_test`
17 error Exit status 1
18 error Failed at the sortedset@0.1.0 bonus_test script 'gulp bonus_test'.
18 error This is most likely a problem with the sortedset package,
18 error not with npm itself.
18 error Tell the author that this fails on your system:
18 error     gulp bonus_test
18 error You can get information on how to open an issue for this project with:
18 error     npm bugs sortedset
18 error Or if that isn't available, you can get their info via:
18 error
18 error     npm owner ls sortedset
18 error There is likely additional logging output above.
19 verbose exit [ 1, true ]
